{"numFailedTestSuites":0,"numFailedTests":0,"numPassedTestSuites":1,"numPassedTests":1,"numPendingTestSuites":0,"numPendingTests":0,"numRuntimeErrorTestSuites":0,"numTodoTests":0,"numTotalTestSuites":1,"numTotalTests":1,"openHandles":[],"snapshot":{"added":0,"didUpdate":false,"failure":false,"filesAdded":0,"filesRemoved":0,"filesRemovedList":[],"filesUnmatched":0,"filesUpdated":0,"matched":0,"total":0,"unchecked":0,"uncheckedKeysByFile":[],"unmatched":0,"updated":0},"startTime":1629557930608,"success":true,"testResults":[{"assertionResults":[{"ancestorTitles":["Positive Test - Create User"],"failureMessages":[],"fullName":"Positive Test - Create User As user, i can create user","location":null,"status":"passed","title":"As user, i can create user"}],"endTime":1629557934665,"message":"","name":"/home/sarah/Project/api-belajar/__tests__/reqres/createUser.js","startTime":1629557930662,"status":"passed","summary":""}],"wasInterrupted":false,"config":{"bail":0,"changedFilesWithAncestor":false,"collectCoverage":false,"collectCoverageFrom":[],"coverageDirectory":"/home/sarah/Project/api-belajar/coverage","coverageProvider":"babel","coverageReporters":["json","lcov","clover"],"detectLeaks":false,"detectOpenHandles":true,"errorOnDeprecated":false,"expand":false,"findRelatedTests":false,"forceExit":true,"json":true,"lastCommit":false,"listTests":false,"logHeapUsage":false,"maxConcurrency":5,"maxWorkers":3,"noStackTrace":false,"nonFlagArgs":["./__tests__/reqres/createUser.js"],"notify":false,"notifyMode":"failure-change","onlyChanged":false,"onlyFailures":false,"outputFile":"jest_html_reporters.json","passWithNoTests":false,"projects":[],"reporters":[["default",{}],["/home/sarah/Project/api-belajar/node_modules/jest-html-reporters/index.js",{}]],"rootDir":"/home/sarah/Project/api-belajar","runTestsByPath":false,"skipFilter":false,"testFailureExitCode":1,"testPathPattern":"./__tests__/reqres/createUser.js","testSequencer":"/home/sarah/Project/api-belajar/node_modules/@jest/test-sequencer/build/index.js","updateSnapshot":"new","useStderr":true,"verbose":true,"watch":false,"watchAll":false,"watchman":true},"endTime":1629557934677,"_reporterOptions":{"publicPath":"/home/sarah/Project/api-belajar","filename":"jest_html_reporters.html","expand":false,"pageTitle":"","hideIcon":false,"testCommand":"npx jest","openReport":false,"multipleReportsUnitePath":"","failureMessageOnly":false,"enableMergeData":false,"dataMergeLevel":1},"attachInfos":{}}